This is pdfTeX, Version 3.14159265-2.6-1.40.21 (MiKTeX 20.11) (preloaded format=pdflatex 2020.12.5)  8 DEC 2020 22:44
entering extended mode
**./ws-m3as.tex
(ws-m3as.tex
LaTeX2e <2020-10-01> patch level 2
L3 programming layer <2020-10-27> xparse <2020-03-03> (ws-m3as.cls
Document Class: ws-m3as 1999/09/09 v1.0 Standardized LaTeX document class
\trimheight=\dimen138
\trimwidth=\dimen139
\typeheight=\dimen140
\typewidth=\dimen141
\wsdraftrule=\dimen142
\tempdimen=\dimen143
\tablewidth=\dimen144
\normaltextheight=\dimen145
\tempbox=\box47
\tablewd=\dimen146
\c@section=\count175
\c@subsection=\count176
\c@subsubsection=\count177
\c@paragraph=\count178
\c@subparagraph=\count179
\c@figure=\count180
\c@table=\count181
\tabledim=\dimen147
\abovecaptionskip=\skip47
\belowcaptionskip=\skip48
\c@theorem=\count182
\c@corollary=\count183
\c@lemma=\count184
\c@proposition=\count185
\c@definition=\count186
\c@example=\count187
\c@remark=\count188
\bibindent=\dimen148
\c@appendix=\count189
\minute=\count190
\hour=\count191
(C:\Users\diogo\AppData\Local\Programs\MiKTeX\tex/latex/amsfonts\amsfonts.sty
Package: amsfonts 2013/01/14 v3.01 Basic AMSFonts support
\@emptytoks=\toks15
\symAMSa=\mathgroup4
\symAMSb=\mathgroup5
LaTeX Font Info:    Redeclaring math symbol \hbar on input line 98.
LaTeX Font Info:    Overwriting math alphabet `\mathfrak' in version `bold'
(Font)                  U/euf/m/n --> U/euf/b/n on input line 106.
)
(C:\Users\diogo\AppData\Local\Programs\MiKTeX\tex/latex/amsfonts\amssymb.sty
Package: amssymb 2013/01/14 v3.01 AMS font symbols
)
(C:\Users\diogo\AppData\Local\Programs\MiKTeX\tex/latex/amsmath\amsmath.sty
Package: amsmath 2020/09/23 v2.17i AMS math features
\@mathmargin=\skip49

For additional information on amsmath, use the `?' option.
(C:\Users\diogo\AppData\Local\Programs\MiKTeX\tex/latex/amsmath\amstext.sty
Package: amstext 2000/06/29 v2.01 AMS text

(C:\Users\diogo\AppData\Local\Programs\MiKTeX\tex/latex/amsmath\amsgen.sty
File: amsgen.sty 1999/11/30 v2.0 generic functions
\@emptytoks=\toks16
\ex@=\dimen149
))
(C:\Users\diogo\AppData\Local\Programs\MiKTeX\tex/latex/amsmath\amsbsy.sty
Package: amsbsy 1999/11/29 v1.2d Bold Symbols
\pmbraise@=\dimen150
)
(C:\Users\diogo\AppData\Local\Programs\MiKTeX\tex/latex/amsmath\amsopn.sty
Package: amsopn 2016/03/08 v2.02 operator names
)
\inf@bad=\count192
LaTeX Info: Redefining \frac on input line 234.
\uproot@=\count193
\leftroot@=\count194
LaTeX Info: Redefining \overline on input line 399.
\classnum@=\count195
\DOTSCASE@=\count196
LaTeX Info: Redefining \ldots on input line 496.
LaTeX Info: Redefining \dots on input line 499.
LaTeX Info: Redefining \cdots on input line 620.
\Mathstrutbox@=\box48
\strutbox@=\box49
\big@size=\dimen151
LaTeX Font Info:    Redeclaring font encoding OML on input line 743.
LaTeX Font Info:    Redeclaring font encoding OMS on input line 744.
\macc@depth=\count197
\c@MaxMatrixCols=\count198
\dotsspace@=\muskip16
\c@parentequation=\count199
\dspbrk@lvl=\count266
\tag@help=\toks17
\row@=\count267
\column@=\count268
\maxfields@=\count269
\andhelp@=\toks18
\eqnshift@=\dimen152
\alignsep@=\dimen153
\tagshift@=\dimen154
\tagwidth@=\dimen155
\totwidth@=\dimen156
\lineht@=\dimen157
\@envbody=\toks19
\multlinegap=\skip50
\multlinetaggap=\skip51
\mathdisplay@stack=\toks20
LaTeX Info: Redefining \[ on input line 2923.
LaTeX Info: Redefining \] on input line 2924.
)
(C:\Users\diogo\AppData\Local\Programs\MiKTeX\tex/latex/graphics\graphicx.sty
Package: graphicx 2020/09/09 v1.2b Enhanced LaTeX Graphics (DPC,SPQR)

(C:\Users\diogo\AppData\Local\Programs\MiKTeX\tex/latex/graphics\keyval.sty
Package: keyval 2014/10/28 v1.15 key=value parser (DPC)
\KV@toks@=\toks21
)
(C:\Users\diogo\AppData\Local\Programs\MiKTeX\tex/latex/graphics\graphics.sty
Package: graphics 2020/08/30 v1.4c Standard LaTeX Graphics (DPC,SPQR)

(C:\Users\diogo\AppData\Local\Programs\MiKTeX\tex/latex/graphics\trig.sty
Package: trig 2016/01/03 v1.10 sin cos tan (DPC)
)
(C:\Users\diogo\AppData\Local\Programs\MiKTeX\tex/latex/graphics-cfg\graphics.c
fg
File: graphics.cfg 2016/06/04 v1.11 sample graphics configuration
)
Package graphics Info: Driver file: pdftex.def on input line 105.

(C:\Users\diogo\AppData\Local\Programs\MiKTeX\tex/latex/graphics-def\pdftex.def
File: pdftex.def 2020/10/05 v1.2a Graphics/color driver for pdftex
))
\Gin@req@height=\dimen158
\Gin@req@width=\dimen159
)) (C:\Users\diogo\AppData\Local\Programs\MiKTeX\tex/latex/psnfss\times.sty
Package: times 2020/03/25 PSNFSS-v9.3 (SPQR) 
)
(C:\Users\diogo\AppData\Local\Programs\MiKTeX\tex/latex/tools\indentfirst.sty
Package: indentfirst 1995/11/23 v1.03 Indent first paragraph (DPC)
)
(C:\Users\diogo\AppData\Local\Programs\MiKTeX\tex/latex/setspace\setspace.sty
Package: setspace 2011/12/19 v6.7a set line spacing
)
(C:\Users\diogo\AppData\Local\Programs\MiKTeX\tex/latex/float\float.sty
Package: float 2001/11/08 v1.3d Float enhancements (AL)
\c@float@type=\count270
\float@exts=\toks22
\float@box=\box50
\@float@everytoks=\toks23
\@floatcapt=\box51
)
(C:\Users\diogo\AppData\Local\Programs\MiKTeX\tex/latex/multirow\multirow.sty
Package: multirow 2019/05/31 v2.5 Span multiple rows of a table
\multirow@colwidth=\skip52
\multirow@cntb=\count271
\multirow@dima=\skip53
\bigstrutjot=\dimen160
)
LaTeX Font Info:    Trying to load font information for OT1+ptm on input line 2
7.

(C:\Users\diogo\AppData\Local\Programs\MiKTeX\tex/latex/psnfss\ot1ptm.fd
File: ot1ptm.fd 2001/06/04 font definitions for OT1/ptm.
)
(C:\Users\diogo\AppData\Local\Programs\MiKTeX\tex/latex/l3backend\l3backend-pdf
tex.def
File: l3backend-pdftex.def 2020-09-24 L3 backend support: PDF output (pdfTeX)
\l__kernel_color_stack_int=\count272
\l__pdf_internal_box=\box52
) (ws-m3as.aux)
\openout1 = `ws-m3as.aux'.

LaTeX Font Info:    Checking defaults for OML/cmm/m/it on input line 27.
LaTeX Font Info:    ... okay on input line 27.
LaTeX Font Info:    Checking defaults for OMS/cmsy/m/n on input line 27.
LaTeX Font Info:    ... okay on input line 27.
LaTeX Font Info:    Checking defaults for OT1/cmr/m/n on input line 27.
LaTeX Font Info:    ... okay on input line 27.
LaTeX Font Info:    Checking defaults for T1/cmr/m/n on input line 27.
LaTeX Font Info:    ... okay on input line 27.
LaTeX Font Info:    Checking defaults for TS1/cmr/m/n on input line 27.
LaTeX Font Info:    ... okay on input line 27.
LaTeX Font Info:    Checking defaults for OMX/cmex/m/n on input line 27.
LaTeX Font Info:    ... okay on input line 27.
LaTeX Font Info:    Checking defaults for U/cmr/m/n on input line 27.
LaTeX Font Info:    ... okay on input line 27.

(C:\Users\diogo\AppData\Local\Programs\MiKTeX\tex/context/base/mkii\supp-pdf.mk
ii
[Loading MPS to PDF converter (version 2006.09.02).]
\scratchcounter=\count273
\scratchdimen=\dimen161
\scratchbox=\box53
\nofMPsegments=\count274
\nofMParguments=\count275
\everyMPshowfont=\toks24
\MPscratchCnt=\count276
\MPscratchDim=\dimen162
\MPnumerator=\count277
\makeMPintoPDFobject=\count278
\everyMPtoPDFconversion=\toks25
)
(C:\Users\diogo\AppData\Local\Programs\MiKTeX\tex/latex/epstopdf-pkg\epstopdf-b
ase.sty
Package: epstopdf-base 2020-01-24 v2.11 Base part for package epstopdf
Package epstopdf-base Info: Redefining graphics rule for `.eps' on input line 4
85.
)
LaTeX Font Info:    Trying to load font information for TS1+ptm on input line 6
3.

(C:\Users\diogo\AppData\Local\Programs\MiKTeX\tex/latex/psnfss\ts1ptm.fd
File: ts1ptm.fd 2001/06/04 font definitions for TS1/ptm.
)
LaTeX Font Info:    Trying to load font information for U+msa on input line 63.


(C:\Users\diogo\AppData\Local\Programs\MiKTeX\tex/latex/amsfonts\umsa.fd
File: umsa.fd 2013/01/14 v3.01 AMS symbols A
)
LaTeX Font Info:    Trying to load font information for U+msb on input line 63.


(C:\Users\diogo\AppData\Local\Programs\MiKTeX\tex/latex/amsfonts\umsb.fd
File: umsb.fd 2013/01/14 v3.01 AMS symbols B
)
[1{C:/Users/diogo/AppData/Local/MiKTeX/pdftex/config/pdftex.map}

]
<Figures/BathCurve2.png, id=9, 411.33675pt x 215.6055pt>
File: Figures/BathCurve2.png Graphic file (type png)
<use Figures/BathCurve2.png>
Package pdftex.def Info: Figures/BathCurve2.png  used on input line 88.
(pdftex.def)             Requested size: 252.6989pt x 132.45348pt.
 [2 <./Figures/BathCurve2.png>] [3] [4] [5]
<Figures/PCAExample2.png, id=35, 737.75626pt x 338.01282pt>
File: Figures/PCAExample2.png Graphic file (type png)
<use Figures/PCAExample2.png>
Package pdftex.def Info: Figures/PCAExample2.png  used on input line 230.
(pdftex.def)             Requested size: 252.6989pt x 115.77383pt.
 [6]
<Figures/Fluxograma.png, id=39, 822.07124pt x 1067.99pt>
File: Figures/Fluxograma.png Graphic file (type png)
<use Figures/Fluxograma.png>
Package pdftex.def Info: Figures/Fluxograma.png  used on input line 253.
(pdftex.def)             Requested size: 288.8011pt x 375.18729pt.
 [7 <./Figures/PCAExample2.png>] [8 <./Figures/Fluxograma.png>]
<Figures/SchematicPreamp.png, id=48, 2724.579pt x 1252.68pt>
File: Figures/SchematicPreamp.png Graphic file (type png)
<use Figures/SchematicPreamp.png>
Package pdftex.def Info: Figures/SchematicPreamp.png  used on input line 268.
(pdftex.def)             Requested size: 324.8978pt x 149.37851pt.
<Figures/SchematicAmp.png, id=49, 1717.617pt x 1450.218pt>
File: Figures/SchematicAmp.png Graphic file (type png)
<use Figures/SchematicAmp.png>
Package pdftex.def Info: Figures/SchematicAmp.png  used on input line 277.
(pdftex.def)             Requested size: 216.6022pt x 182.87006pt.
 [9 <./Figures/SchematicPreamp.png> <./Figures/SchematicAmp.png>]
<Figures/Preamp3D2.png, id=53, 940.26282pt x 396.7322pt>
File: Figures/Preamp3D2.png Graphic file (type png)
<use Figures/Preamp3D2.png>
Package pdftex.def Info: Figures/Preamp3D2.png  used on input line 288.
(pdftex.def)             Requested size: 361.0pt x 152.31558pt.
<Figures/Amp3D2.png, id=54, 785.18344pt x 323.70938pt>
File: Figures/Amp3D2.png Graphic file (type png)
<use Figures/Amp3D2.png>
Package pdftex.def Info: Figures/Amp3D2.png  used on input line 297.
(pdftex.def)             Requested size: 361.0pt x 148.83403pt.
 [10 <./Figures/Preamp3D2.png> <./Figures/Amp3D2.png>]
<Figures/FaultTree.png, id=58, 628.749pt x 272.217pt>
File: Figures/FaultTree.png Graphic file (type png)
<use Figures/FaultTree.png>
Package pdftex.def Info: Figures/FaultTree.png  used on input line 339.
(pdftex.def)             Requested size: 342.9489pt x 148.48615pt.
 [11]

LaTeX Warning: Reference `eq: 8.1' on page 12 undefined on input line 344.

<Figures/Circuit Failure Probability.png, id=63, 844.8363pt x 597.432pt>
File: Figures/Circuit Failure Probability.png Graphic file (type png)
<use Figures/Circuit Failure Probability.png>
Package pdftex.def Info: Figures/Circuit Failure Probability.png  used on input
 line 362.
(pdftex.def)             Requested size: 270.75pt x 191.46474pt.
[12 <./Figures/FaultTree.png>]
<Figures/Circuit Failure Probability Regiao 2.png, id=68, 844.8363pt x 597.432p
t>
File: Figures/Circuit Failure Probability Regiao 2.png Graphic file (type png)
<use Figures/Circuit Failure Probability Regiao 2.png>
Package pdftex.def Info: Figures/Circuit Failure Probability Regiao 2.png  used
 on input line 372.
(pdftex.def)             Requested size: 270.75pt x 191.46474pt.
 [13 <./Figures/Circuit Failure Probability.png> <./Figures/Circuit Failure Pro
bability Regiao 2.png>]
<Figures/RFFull.png, id=75, 844.8363pt x 549.252pt>
File: Figures/RFFull.png Graphic file (type png)
<use Figures/RFFull.png>
Package pdftex.def Info: Figures/RFFull.png  used on input line 386.
(pdftex.def)             Requested size: 288.8011pt x 187.7573pt.
<Figures/RVFull.png, id=76, 844.8363pt x 576.4737pt>
File: Figures/RVFull.png Graphic file (type png)
<use Figures/RVFull.png>
Package pdftex.def Info: Figures/RVFull.png  used on input line 400.
(pdftex.def)             Requested size: 288.8011pt x 197.0628pt.
 [14 <./Figures/RFFull.png>]
<Figures/ICFull.png, id=81, 844.8363pt x 578.4009pt>
File: Figures/ICFull.png Graphic file (type png)
<use Figures/ICFull.png>
Package pdftex.def Info: Figures/ICFull.png  used on input line 410.
(pdftex.def)             Requested size: 288.8011pt x 197.7216pt.
 [15 <./Figures/RVFull.png> <./Figures/ICFull.png>]
<Figures/ScorexLoadings.png, id=87, 602.25pt x 277.63725pt>
File: Figures/ScorexLoadings.png Graphic file (type png)
<use Figures/ScorexLoadings.png>
Package pdftex.def Info: Figures/ScorexLoadings.png  used on input line 428.
(pdftex.def)             Requested size: 361.0pt x 166.42688pt.
<Figures/FVDendogram.png, id=88, 360.74776pt x 295.1025pt>
File: Figures/FVDendogram.png Graphic file (type png)
<use Figures/FVDendogram.png>
Package pdftex.def Info: Figures/FVDendogram.png  used on input line 438.
(pdftex.def)             Requested size: 361.0pt x 295.3314pt.
 [16 <./Figures/ScorexLoadings.png>] [17 <./Figures/FVDendogram.png>] [18] [19]
 (ws-m3as.aux)

LaTeX Warning: There were undefined references.

 ) 
Here is how much of TeX's memory you used:
 2900 strings out of 479799
 40162 string characters out of 2869723
 313844 words of memory out of 3000000
 19849 multiletter control sequences out of 15000+200000
 553712 words of font info for 67 fonts, out of 3000000 for 9000
 1141 hyphenation exceptions out of 8191
 80i,15n,85p,1217b,449s stack positions out of 5000i,500n,10000p,200000b,50000s
{C:/Users/diogo/AppData/Local/Programs/MiKTeX/fonts/enc/dvips/base/8r.enc}<C:
/Users/diogo/AppData/Local/Programs/MiKTeX/fonts/type1/public/amsfonts/cm/cmex1
0.pfb><C:/Users/diogo/AppData/Local/Programs/MiKTeX/fonts/type1/public/amsfonts
/cm/cmmi10.pfb><C:/Users/diogo/AppData/Local/Programs/MiKTeX/fonts/type1/public
/amsfonts/cm/cmmi6.pfb><C:/Users/diogo/AppData/Local/Programs/MiKTeX/fonts/type
1/public/amsfonts/cm/cmmi7.pfb><C:/Users/diogo/AppData/Local/Programs/MiKTeX/fo
nts/type1/public/amsfonts/cm/cmmi8.pfb><C:/Users/diogo/AppData/Local/Programs/M
iKTeX/fonts/type1/public/amsfonts/cm/cmr10.pfb><C:/Users/diogo/AppData/Local/Pr
ograms/MiKTeX/fonts/type1/public/amsfonts/cm/cmr6.pfb><C:/Users/diogo/AppData/L
ocal/Programs/MiKTeX/fonts/type1/public/amsfonts/cm/cmr7.pfb><C:/Users/diogo/Ap
pData/Local/Programs/MiKTeX/fonts/type1/public/amsfonts/cm/cmr8.pfb><C:/Users/d
iogo/AppData/Local/Programs/MiKTeX/fonts/type1/public/amsfonts/cm/cmsy10.pfb><C
:/Users/diogo/AppData/Local/Programs/MiKTeX/fonts/type1/public/amsfonts/cm/cmsy
6.pfb><C:/Users/diogo/AppData/Local/Programs/MiKTeX/fonts/type1/public/amsfonts
/cm/cmsy7.pfb><C:/Users/diogo/AppData/Local/Programs/MiKTeX/fonts/type1/urw/tim
es/utmb8a.pfb><C:/Users/diogo/AppData/Local/Programs/MiKTeX/fonts/type1/urw/tim
es/utmbi8a.pfb><C:/Users/diogo/AppData/Local/Programs/MiKTeX/fonts/type1/urw/ti
mes/utmr8a.pfb><C:/Users/diogo/AppData/Local/Programs/MiKTeX/fonts/type1/urw/ti
mes/utmri8a.pfb>
Output written on ws-m3as.pdf (19 pages, 1186656 bytes).
PDF statistics:
 154 PDF objects out of 1000 (max. 8388607)
 0 named destinations out of 1000 (max. 500000)
 76 words of extra memory for PDF output out of 10000 (max. 10000000)

